[debug] [2025-05-16T18:58:36.034Z] ----------------------------------------------------------------------
[debug] [2025-05-16T18:58:36.038Z] Command:       C:\Program Files\nodejs\node.exe C:\Users\mizuk\AppData\Roaming\npm\node_modules\firebase-tools\lib\bin\firebase.js login
[debug] [2025-05-16T18:58:36.039Z] CLI Version:   14.4.0
[debug] [2025-05-16T18:58:36.039Z] Platform:      win32
[debug] [2025-05-16T18:58:36.039Z] Node Version:  v22.15.1
[debug] [2025-05-16T18:58:36.040Z] Time:          Fri May 16 2025 21:58:36 GMT+0300 (Israel Daylight Time)
[debug] [2025-05-16T18:58:36.040Z] ----------------------------------------------------------------------
[debug] 
[info] i  Firebase optionally collects CLI and Emulator Suite usage and error reporting information to help improve our products. Data is collected in accordance with Google's privacy policy (https://policies.google.com/privacy) and is not used to identify you.
 
[debug] [2025-05-16T18:58:51.600Z] ----------------------------------------------------------------------
[debug] [2025-05-16T18:58:51.604Z] Command:       C:\Program Files\nodejs\node.exe C:\Users\mizuk\AppData\Roaming\npm\node_modules\firebase-tools\lib\bin\firebase.js login --interactive
[debug] [2025-05-16T18:58:51.604Z] CLI Version:   14.4.0
[debug] [2025-05-16T18:58:51.605Z] Platform:      win32
[debug] [2025-05-16T18:58:51.605Z] Node Version:  v22.15.1
[debug] [2025-05-16T18:58:51.605Z] Time:          Fri May 16 2025 21:58:51 GMT+0300 (Israel Daylight Time)
[debug] [2025-05-16T18:58:51.605Z] ----------------------------------------------------------------------
[debug] 
[info] i  Firebase optionally collects CLI and Emulator Suite usage and error reporting information to help improve our products. Data is collected in accordance with Google's privacy policy (https://policies.google.com/privacy) and is not used to identify you.
 
[info] i  To change your data collection preference at any time, run `firebase logout` and log in again. 
[info] 
[info] Visit this URL on this device to log in:
[info] https://accounts.google.com/o/oauth2/auth?client_id=563584335869-fgrhgmd47bqnekij5i8b5pr03ho849e6.apps.googleusercontent.com&scope=email%20openid%20https%3A%2F%2Fwww.googleapis.com%2Fauth%2Fcloudplatformprojects.readonly%20https%3A%2F%2Fwww.googleapis.com%2Fauth%2Ffirebase%20https%3A%2F%2Fwww.googleapis.com%2Fauth%2Fcloud-platform&response_type=code&state=52502274&redirect_uri=http%3A%2F%2Flocalhost%3A9005
[info] 
[info] Waiting for authentication...
[debug] [2025-05-16T18:59:18.299Z] Error: spawn cmd ENOENT
    at ChildProcess._handle.onexit (node:internal/child_process:285:19)
    at onErrorNT (node:internal/child_process:483:16)
    at process.processTicksAndRejections (node:internal/process/task_queues:90:21)
[error] 
[error] Error: An unexpected error has occurred.
